<?xml version="1.0" encoding="UTF-8"?>
<testng-results ignored="0" total="1" passed="1" failed="0" skipped="0">
  <reporter-output>
  </reporter-output>
  <suite started-at="2023-01-01T11:21:03 IST" name="Default suite" finished-at="2023-01-01T11:21:51 IST" duration-ms="48268">
    <groups>
    </groups>
    <test started-at="2023-01-01T11:21:03 IST" name="Default test" finished-at="2023-01-01T11:21:51 IST" duration-ms="48268">
      <class name="guvi_Project1.project3_DELETE">
        <test-method is-config="true" signature="beforeMethod()[pri:0, instance:guvi_Project1.project3_DELETE@cd3fee8]" started-at="2023-01-01T11:21:03 IST" name="beforeMethod" finished-at="2023-01-01T11:21:30 IST" duration-ms="27487" status="PASS">
          <reporter-output>
          </reporter-output>
        </test-method> <!-- beforeMethod -->
        <test-method signature="f(java.lang.String,java.lang.String)[pri:0, instance:guvi_Project1.project3_DELETE@cd3fee8]" started-at="2023-01-01T11:21:30 IST" name="f" data-provider="dp" finished-at="2023-01-01T11:21:50 IST" duration-ms="19437" status="PASS">
          <params>
            <param index="0">
              <value>
                <![CDATA[Admin]]>
              </value>
            </param>
            <param index="1">
              <value>
                <![CDATA[admin123]]>
              </value>
            </param>
          </params>
          <reporter-output>
          </reporter-output>
        </test-method> <!-- f -->
        <test-method is-config="true" signature="afterMethod()[pri:0, instance:guvi_Project1.project3_DELETE@cd3fee8]" started-at="2023-01-01T11:21:50 IST" name="afterMethod" finished-at="2023-01-01T11:21:51 IST" duration-ms="1126" status="PASS">
          <reporter-output>
          </reporter-output>
        </test-method> <!-- afterMethod -->
      </class> <!-- guvi_Project1.project3_DELETE -->
    </test> <!-- Default test -->
  </suite> <!-- Default suite -->
</testng-results>
